<?xml version="1.0" encoding="UTF-8"?>
<!-- Generated by org.testng.reporters.JUnitXMLReporter -->
<testsuite hostname="AA-PC" ignored="0" name="test1" tests="6" failures="0" timestamp="2019-12-18T10:16:53 IST" time="0.123" errors="0">
  <testcase name="login" time="0.012" classname="p1.Class1"/>
  <testcase name="tc001" time="0.005" classname="p1.Class1"/>
  <testcase name="tc002" time="0.002" classname="p1.Class1"/>
  <testcase name="reg" time="0.002" classname="p2.Class2"/>
  <testcase name="tc003" time="0.004" classname="p2.Class2"/>
  <testcase name="tc004" time="0.003" classname="p2.Class2"/>
</testsuite> <!-- test1 -->
