<?xml version="1.0" encoding="UTF-8"?>
<testng-results skipped="0" failed="0" ignored="0" total="6" passed="6">
  <reporter-output>
  </reporter-output>
  <suite name="default" duration-ms="123" started-at="2019-12-18T10:16:53 IST" finished-at="2019-12-18T10:16:53 IST">
    <groups>
    </groups>
    <test name="test1" duration-ms="123" started-at="2019-12-18T10:16:53 IST" finished-at="2019-12-18T10:16:53 IST">
      <class name="p2.Class2">
        <test-method status="PASS" signature="reg()[pri:0, instance:p2.Class2@5a8e6209]" name="reg" duration-ms="2" started-at="2019-12-18T10:16:53 IST" finished-at="2019-12-18T10:16:53 IST">
          <reporter-output>
          </reporter-output>
        </test-method> <!-- reg -->
        <test-method status="PASS" signature="tc003()[pri:0, instance:p2.Class2@5a8e6209]" name="tc003" duration-ms="4" started-at="2019-12-18T10:16:53 IST" finished-at="2019-12-18T10:16:53 IST">
          <reporter-output>
          </reporter-output>
        </test-method> <!-- tc003 -->
        <test-method status="PASS" signature="tc004()[pri:0, instance:p2.Class2@5a8e6209]" name="tc004" duration-ms="3" started-at="2019-12-18T10:16:53 IST" finished-at="2019-12-18T10:16:53 IST">
          <reporter-output>
          </reporter-output>
        </test-method> <!-- tc004 -->
      </class> <!-- p2.Class2 -->
      <class name="p1.Class1">
        <test-method status="PASS" signature="login()[pri:0, instance:p1.Class1@3b0143d3]" name="login" duration-ms="12" started-at="2019-12-18T10:16:53 IST" finished-at="2019-12-18T10:16:53 IST">
          <reporter-output>
          </reporter-output>
        </test-method> <!-- login -->
        <test-method status="PASS" signature="tc001()[pri:0, instance:p1.Class1@3b0143d3]" name="tc001" duration-ms="5" started-at="2019-12-18T10:16:53 IST" finished-at="2019-12-18T10:16:53 IST">
          <reporter-output>
          </reporter-output>
        </test-method> <!-- tc001 -->
        <test-method status="PASS" signature="tc002()[pri:0, instance:p1.Class1@3b0143d3]" name="tc002" duration-ms="2" started-at="2019-12-18T10:16:53 IST" finished-at="2019-12-18T10:16:53 IST">
          <reporter-output>
          </reporter-output>
        </test-method> <!-- tc002 -->
      </class> <!-- p1.Class1 -->
    </test> <!-- test1 -->
  </suite> <!-- default -->
</testng-results>
